
=== Multi Downloader NX 5.3.4 ===

[ERROR] [ERROR] YAMLParseError: Invalid escape sequence \Users\run at line 2, column 14:

mkvmerge: "C:\Users\runneradmin\Downloads\multi-downloader-nx-windows-x64-gui\m…
             ^

    at /snapshot/_builds/index.cjs
    at _onError (/snapshot/_builds/index.cjs)
    at parseCharCode (/snapshot/_builds/index.cjs)
    at doubleQuotedValue (/snapshot/_builds/index.cjs)
    at Object.resolveFlowScalar (/snapshot/_builds/index.cjs)
    at Object.composeScalar (/snapshot/_builds/index.cjs)
    at composeNode (/snapshot/_builds/index.cjs)
    at Object.resolveBlockMap (/snapshot/_builds/index.cjs)
    at resolveCollection (/snapshot/_builds/index.cjs)
    at Object.composeCollection (/snapshot/_builds/index.cjs) {
  code: 'BAD_DQ_ESCAPE',
  pos: [ 63, 64 ],
  linePos: [ { line: 2, col: 14 }, { line: 2, col: 15 } ]
}
[ERROR] 400: Bad Request
[ERROR] {"code":"auth.obtain_access_token.oauth2_error","context":[],"error":"invalid_grant"}
[ERROR] Token Refresh Failed!
[WARN] Token is likely wrong, please login again!
[ERROR] Authentication required!
[ERROR] 400: Bad Request
[ERROR] {"code":"auth.obtain_access_token.oauth2_error","context":[],"error":"invalid_grant"}
[ERROR] Token Refresh Failed!
[WARN] Token is likely wrong, please login again!
[ERROR] Authentication required!

------------------------------

